<?xml version="1.0" encoding="UTF-8"?>
<!-- Generated by org.testng.reporters.JUnitReportReporter -->
<testsuite hostname="DESKTOP-SI0O7JB" failures="0" tests="1" name="newDemo.GooglPay" time="11.447" errors="0" timestamp="2023-07-19T01:00:25 IST" skipped="0">
  <testcase classname="newDemo.GooglPay" name="GooglePaytest" time="11.447"/>
  <system-out/>
</testsuite> <!-- newDemo.GooglPay -->
